<?xml version="1.0" encoding="UTF-8" ?>
<testsuite errors="0" failures="0" hostname="INPriya.local" name="com.twu.biblioteca.WelcomeScreenTest" skipped="0" tests="2" time="0.187" timestamp="2015-09-09T16:28:28">
  <properties>
    <property name="java.vendor" value="Oracle Corporation" />
    <property name="coverage.summaryxml.dir" value="reports/cobertura-summary-xml" />
    <property name="sun.java.launcher" value="SUN_STANDARD" />
    <property name="sun.management.compiler" value="HotSpot 64-Bit Tiered Compilers" />
    <property name="os.name" value="Mac OS X" />
    <property name="sun.boot.class.path" value="/Library/Java/JavaVirtualMachines/jdk1.8.0_45.jdk/Contents/Home/jre/lib/resources.jar:/Library/Java/JavaVirtualMachines/jdk1.8.0_45.jdk/Contents/Home/jre/lib/rt.jar:/Library/Java/JavaVirtualMachines/jdk1.8.0_45.jdk/Contents/Home/jre/lib/sunrsasign.jar:/Library/Java/JavaVirtualMachines/jdk1.8.0_45.jdk/Contents/Home/jre/lib/jsse.jar:/Library/Java/JavaVirtualMachines/jdk1.8.0_45.jdk/Contents/Home/jre/lib/jce.jar:/Library/Java/JavaVirtualMachines/jdk1.8.0_45.jdk/Contents/Home/jre/lib/charsets.jar:/Library/Java/JavaVirtualMachines/jdk1.8.0_45.jdk/Contents/Home/jre/lib/jfr.jar:/Library/Java/JavaVirtualMachines/jdk1.8.0_45.jdk/Contents/Home/jre/classes" />
    <property name="reports.html.dir" value="reports/junit-html" />
    <property name="user.country.format" value="IN" />
    <property name="java.vm.specification.vendor" value="Oracle Corporation" />
    <property name="test.failed" value="true" />
    <property name="ant.home" value="/usr/local/Cellar/ant/1.9.6/libexec" />
    <property name="java.runtime.version" value="1.8.0_45-b14" />
    <property name="cobertura.dir" value="." />
    <property name="user.name" value="admin" />
    <property name="user.language" value="en" />
    <property name="sun.boot.library.path" value="/Library/Java/JavaVirtualMachines/jdk1.8.0_45.jdk/Contents/Home/jre/lib" />
    <property name="reports.dir" value="reports" />
    <property name="ant.project.default-target" value="coverage" />
    <property name="ant.project.name" value="cobertura.examples.basic" />
    <property name="ant.file.cobertura.examples.basic" value="/Users/admin/TWU_Biblioteca-master/build.xml" />
    <property name="java.version" value="1.8.0_45" />
    <property name="coverage.html.dir" value="reports/cobertura-html" />
    <property name="user.timezone" value="Asia/Kolkata" />
    <property name="sun.arch.data.model" value="64" />
    <property name="http.nonProxyHosts" value="local|*.local|169.254/16|*.169.254/16" />
    <property name="java.endorsed.dirs" value="/Library/Java/JavaVirtualMachines/jdk1.8.0_45.jdk/Contents/Home/jre/lib/endorsed" />
    <property name="sun.cpu.isalist" value="" />
    <property name="sun.jnu.encoding" value="UTF-8" />
    <property name="file.encoding.pkg" value="sun.io" />
    <property name="file.separator" value="/" />
    <property name="java.specification.name" value="Java Platform API Specification" />
    <property name="classes.dir" value="junitClasses" />
    <property name="java.class.version" value="52.0" />
    <property name="user.country" value="US" />
    <property name="java.home" value="/Library/Java/JavaVirtualMachines/jdk1.8.0_45.jdk/Contents/Home/jre" />
    <property name="java.vm.info" value="mixed mode" />
    <property name="ant.file.type.cobertura.examples.basic" value="file" />
    <property name="ant.file" value="/Users/admin/TWU_Biblioteca-master/build.xml" />
    <property name="os.version" value="10.9.5" />
    <property name="path.separator" value=":" />
    <property name="java.vm.version" value="25.45-b02" />
    <property name="ant.library.dir" value="/usr/local/Cellar/ant/1.9.6/libexec/lib" />
    <property name="java.awt.printerjob" value="sun.lwawt.macosx.CPrinterJob" />
    <property name="sun.io.unicode.encoding" value="UnicodeBig" />
    <property name="awt.toolkit" value="sun.lwawt.macosx.LWCToolkit" />
    <property name="socksNonProxyHosts" value="local|*.local|169.254/16|*.169.254/16" />
    <property name="ftp.nonProxyHosts" value="local|*.local|169.254/16|*.169.254/16" />
    <property name="reports.xml.dir" value="reports/junit-xml" />
    <property name="user.home" value="/Users/admin" />
    <property name="java.specification.vendor" value="Oracle Corporation" />
    <property name="coverage.xml.dir" value="reports/cobertura-xml" />
    <property name="test.dir" value="test" />
    <property name="java.library.path" value="/Users/admin/Library/Java/Extensions:/Library/Java/Extensions:/Network/Library/Java/Extensions:/System/Library/Java/Extensions:/usr/lib/java:." />
    <property name="java.vendor.url" value="http://java.oracle.com/" />
    <property name="java.vm.vendor" value="Oracle Corporation" />
    <property name="gopherProxySet" value="false" />
    <property name="java.runtime.name" value="Java(TM) SE Runtime Environment" />
    <property name="sun.java.command" value="org.apache.tools.ant.taskdefs.optional.junit.JUnitTestRunner com.twu.biblioteca.WelcomeScreenTest skipNonTests=false filtertrace=true haltOnError=false haltOnFailure=false formatter=org.apache.tools.ant.taskdefs.optional.junit.SummaryJUnitResultFormatter showoutput=false outputtoformatters=true logfailedtests=true threadid=0 logtestlistenerevents=false formatter=org.apache.tools.ant.taskdefs.optional.junit.XMLJUnitResultFormatter,/Users/admin/TWU_Biblioteca-master/reports/junit-xml/TEST-com.twu.biblioteca.WelcomeScreenTest.xml crashfile=/Users/admin/TWU_Biblioteca-master/junitvmwatcher8469933317194553246.properties propsfile=/Users/admin/TWU_Biblioteca-master/junit1645651053471944596.properties" />
    <property name="java.class.path" value="/Users/admin/TWU_Biblioteca-master/instrumented:/Users/admin/TWU_Biblioteca-master/junitClasses:/Users/admin/TWU_Biblioteca-master/cobertura-2.1.1-javadoc.jar:/Users/admin/TWU_Biblioteca-master/cobertura-2.1.1-sources.jar:/Users/admin/TWU_Biblioteca-master/cobertura-2.1.1.jar:/Users/admin/TWU_Biblioteca-master/lib/asm-5.0.1.jar:/Users/admin/TWU_Biblioteca-master/lib/asm-analysis-5.0.1.jar:/Users/admin/TWU_Biblioteca-master/lib/asm-commons-5.0.1.jar:/Users/admin/TWU_Biblioteca-master/lib/asm-tree-5.0.1.jar:/Users/admin/TWU_Biblioteca-master/lib/asm-util-5.0.1.jar:/Users/admin/TWU_Biblioteca-master/lib/cobertura-2.1.1-javadoc.jar:/Users/admin/TWU_Biblioteca-master/lib/cobertura-2.1.1-sources.jar:/Users/admin/TWU_Biblioteca-master/lib/cobertura-2.1.1.jar:/Users/admin/TWU_Biblioteca-master/lib/commons-lang3-3.3.2.jar:/Users/admin/TWU_Biblioteca-master/lib/hamcrest-core-1.3.jar:/Users/admin/TWU_Biblioteca-master/lib/jaxen-1.1.4.jar:/Users/admin/TWU_Biblioteca-master/lib/jetty-6.1.14.jar:/Users/admin/TWU_Biblioteca-master/lib/jetty-util-6.1.14.jar:/Users/admin/TWU_Biblioteca-master/lib/junit-4.11.jar:/Users/admin/TWU_Biblioteca-master/lib/logback-classic-1.0.13.jar:/Users/admin/TWU_Biblioteca-master/lib/logback-core-1.0.13.jar:/Users/admin/TWU_Biblioteca-master/lib/mockito-all-1.9.5.jar:/Users/admin/TWU_Biblioteca-master/lib/oro-2.0.8.jar:/Users/admin/TWU_Biblioteca-master/lib/servlet-api-2.5-6.1.14.jar:/Users/admin/TWU_Biblioteca-master/lib/slf4j-api-1.7.5.jar:/usr/local/Cellar/ant/1.9.6/libexec/lib/ant-launcher.jar:/usr/local/Cellar/ant/1.9.6/libexec/lib/ant.jar:/usr/local/Cellar/ant/1.9.6/libexec/lib/ant-junit.jar:/usr/local/Cellar/ant/1.9.6/libexec/lib/ant-junit4.jar" />
    <property name="ant.version" value="Apache Ant(TM) version 1.9.6 compiled on June 29 2015" />
    <property name="java.vm.specification.name" value="Java Virtual Machine Specification" />
    <property name="ant.file.type" value="file" />
    <property name="java.vm.specification.version" value="1.8" />
    <property name="sun.cpu.endian" value="little" />
    <property name="sun.os.patch.level" value="unknown" />
    <property name="java.io.tmpdir" value="/var/folders/dw/k7v0k03j77z6q8kxvm_nyw840000gn/T/" />
    <property name="java.vendor.url.bug" value="http://bugreport.sun.com/bugreport/" />
    <property name="os.arch" value="x86_64" />
    <property name="java.awt.graphicsenv" value="sun.awt.CGraphicsEnvironment" />
    <property name="instrumented.dir" value="instrumented" />
    <property name="java.ext.dirs" value="/Users/admin/Library/Java/Extensions:/Library/Java/JavaVirtualMachines/jdk1.8.0_45.jdk/Contents/Home/jre/lib/ext:/Library/Java/Extensions:/Network/Library/Java/Extensions:/System/Library/Java/Extensions:/usr/lib/java" />
    <property name="user.dir" value="/Users/admin/TWU_Biblioteca-master" />
    <property name="line.separator" value="&#xa;" />
    <property name="java.vm.name" value="Java HotSpot(TM) 64-Bit Server VM" />
    <property name="basedir" value="/Users/admin/TWU_Biblioteca-master" />
    <property name="ant.java.version" value="1.8" />
    <property name="ant.core.lib" value="/usr/local/Cellar/ant/1.9.6/libexec/lib/ant.jar" />
    <property name="file.encoding" value="UTF-8" />
    <property name="java.specification.version" value="1.8" />
    <property name="src.dir" value="src" />
    <property name="ant.project.invoked-targets" value="coverage" />
  </properties>
  <testcase classname="com.twu.biblioteca.WelcomeScreenTest" name="shouldReturnWelcomeMessage" time="0.146" />
  <testcase classname="com.twu.biblioteca.WelcomeScreenTest" name="shouldReturnWelcomeMessageOnToString" time="0.0" />
  <system-out><![CDATA[21:58:29,004 |-INFO in ch.qos.logback.classic.LoggerContext[default] - Could NOT find resource [logback.groovy]
21:58:29,004 |-INFO in ch.qos.logback.classic.LoggerContext[default] - Could NOT find resource [logback-test.xml]
21:58:29,004 |-INFO in ch.qos.logback.classic.LoggerContext[default] - Found resource [logback.xml] at [jar:file:/Users/admin/TWU_Biblioteca-master/cobertura-2.1.1-sources.jar!/logback.xml]
21:58:29,006 |-WARN in ch.qos.logback.classic.LoggerContext[default] - Resource [logback.xml] occurs multiple times on the classpath.
21:58:29,006 |-WARN in ch.qos.logback.classic.LoggerContext[default] - Resource [logback.xml] occurs at [jar:file:/Users/admin/TWU_Biblioteca-master/cobertura-2.1.1.jar!/logback.xml]
21:58:29,006 |-WARN in ch.qos.logback.classic.LoggerContext[default] - Resource [logback.xml] occurs at [jar:file:/Users/admin/TWU_Biblioteca-master/cobertura-2.1.1-sources.jar!/logback.xml]
21:58:29,006 |-WARN in ch.qos.logback.classic.LoggerContext[default] - Resource [logback.xml] occurs at [jar:file:/Users/admin/TWU_Biblioteca-master/lib/cobertura-2.1.1.jar!/logback.xml]
21:58:29,006 |-WARN in ch.qos.logback.classic.LoggerContext[default] - Resource [logback.xml] occurs at [jar:file:/Users/admin/TWU_Biblioteca-master/lib/cobertura-2.1.1-sources.jar!/logback.xml]
21:58:29,028 |-INFO in ch.qos.logback.core.joran.spi.ConfigurationWatchList@548b7f67 - URL [jar:file:/Users/admin/TWU_Biblioteca-master/cobertura-2.1.1-sources.jar!/logback.xml] is not of type file
21:58:29,060 |-INFO in ch.qos.logback.classic.joran.action.ConfigurationAction - debug attribute not set
21:58:29,061 |-INFO in ch.qos.logback.core.joran.action.AppenderAction - About to instantiate appender of type [ch.qos.logback.core.ConsoleAppender]
21:58:29,066 |-INFO in ch.qos.logback.core.joran.action.AppenderAction - Naming appender as [STDOUT]
21:58:29,081 |-INFO in ch.qos.logback.core.joran.action.NestedComplexPropertyIA - Assuming default type [ch.qos.logback.classic.encoder.PatternLayoutEncoder] for [encoder] property
21:58:29,105 |-INFO in ch.qos.logback.classic.joran.action.LoggerAction - Setting level of logger [net.sourceforge.cobertura] to INFO
21:58:29,105 |-INFO in ch.qos.logback.classic.joran.action.RootLoggerAction - Setting level of ROOT logger to DEBUG
21:58:29,105 |-INFO in ch.qos.logback.core.joran.action.AppenderRefAction - Attaching appender named [STDOUT] to Logger[ROOT]
21:58:29,106 |-INFO in ch.qos.logback.classic.joran.action.ConfigurationAction - End of configuration.
21:58:29,106 |-INFO in ch.qos.logback.classic.joran.JoranConfigurator@7ac7a4e4 - Registering current configuration as safe fallback point

]]></system-out>
  <system-err><![CDATA[]]></system-err>
</testsuite>
